ALL abundances NOT listed below differ from solar by   0.17 dex
# Wavelength	Ele	  excit	  log gf			 EW                                         
          Teff= 6556          log g= 4.00             vt= 2.57 M/H= 0.17        

Abundance Results for Species Fe I         (input abundance =   7.64)
wavelength        EP     logGF        EW     logRW     abund     del avg
  10070.52      5.51    -1.527       8.9     -6.05      7.90        0.21
  10142.84      5.06    -1.574       8.1     -6.10      7.52       -0.17
  10155.16      2.18    -4.340      80.8     -5.10      9.07        1.39
  10156.51      4.59    -2.125       4.8     -6.33      7.43       -0.25
  10167.47      2.20    -4.199       8.9     -6.06      7.72        0.04
  10195.11      2.73    -3.625      12.4     -5.91      7.76        0.08
  10227.99      6.12    -0.449      22.9     -5.65      7.77        0.09
  10230.80      6.12    -0.414      23.1     -5.65      7.74        0.06
  10327.34      5.54     0.504     172.6     -4.78      8.04        0.36
  10347.97      5.39    -0.754      20.5     -5.70      7.41       -0.28
  10353.81      5.39    -1.035      12.5     -5.92      7.45       -0.24
  10379.00      2.22    -4.246       6.8     -6.18      7.65       -0.03
  10388.75      5.45    -1.527       5.9     -6.25      7.64       -0.05
  10423.03      2.69    -3.660       9.0     -6.06      7.60       -0.08
  10535.71      6.21    -0.218      14.5     -5.86      7.37       -0.32
  10546.43      6.27    -0.836       4.1     -6.41      7.46       -0.23
  10577.14      3.30    -3.238       6.8     -6.19      7.57       -0.11
  10611.69      6.17    -0.070      24.0     -5.65      7.43       -0.25
  10616.72      3.27    -3.320       7.2     -6.17      7.65       -0.03
  10674.07      6.17    -0.578      11.6     -5.96      7.58       -0.10
  10687.80      5.51    -1.094       2.7     -6.60      6.89       -0.80
  10725.19      3.64    -2.945       7.5     -6.16      7.61       -0.08
  10780.69      3.24    -3.613       5.2     -6.32      7.76        0.07
  10818.28      3.96    -2.184      23.4     -5.66      7.66       -0.03
  10913.04      5.54    -1.633       3.8     -6.46      7.59       -0.10
  11402.73      6.26    -0.014      24.1     -5.67      7.40       -0.28
  11743.69      5.95    -1.223       6.0     -6.29      7.68       -0.01
  11778.42      5.34    -1.691       7.6     -6.19      7.74        0.05
  11890.50      5.54    -0.379      48.8     -5.39      7.53       -0.15
  12053.08      4.56    -1.645      37.8     -5.50      7.81        0.12
  12119.50      4.59    -1.809      41.3     -5.47      8.04        0.36
  12213.34      4.64    -2.020      19.6     -5.79      7.89        0.21
  12244.92      3.64    -3.221      12.8     -5.98      8.03        0.35
  12283.28      6.17    -0.613      12.1     -6.01      7.53       -0.15
  12342.92      4.64    -1.574      21.5     -5.76      7.48       -0.20
  12557.00      2.28    -4.023      14.9     -5.93      7.71        0.02
  12808.24      4.99    -1.809      10.6     -6.08      7.65       -0.04
  12824.86      3.02    -3.619       8.2     -6.19      7.65       -0.03
  12840.57      4.96    -1.633      11.3     -6.06      7.47       -0.21
  12896.12      4.91    -1.785      13.4     -5.98      7.66       -0.03
  12933.01      5.02    -1.926       7.3     -6.25      7.61       -0.08
  12934.67      5.39    -1.141      23.4     -5.74      7.69        0.00
  13014.84      5.45    -1.586      13.4     -5.99      7.91        0.22
  13352.17      5.31    -0.479      79.5     -5.23      7.65       -0.03
  14808.32      5.38    -0.883      34.2     -5.64      7.45       -0.24
  14979.70      6.17    -0.660      30.7     -5.69      7.81        0.12
  15017.70      6.22    -0.178      46.5     -5.51      7.59       -0.10
  15051.75      5.35    -0.003     164.9     -4.96      7.69        0.00
  15094.70      6.36     0.150      77.0     -5.29      7.66       -0.02
  15095.86      6.22    -0.148      58.8     -5.41      7.69        0.00
  15122.38      5.62    -0.379      73.7     -5.31      7.57       -0.11
  15176.72      5.92    -0.877      18.3     -5.92      7.56       -0.13
  15207.53      5.38     0.036     146.5     -5.02      7.52       -0.16
  15213.02      6.31    -0.941       9.8     -6.19      7.65       -0.04
  15216.89      5.51    -1.820      50.8     -5.48      8.69        1.00
  15219.62      5.59    -0.058     117.6     -5.11      7.57       -0.11
  15224.73      5.96    -0.578      46.2     -5.52      7.76        0.07
  15237.77      5.79    -1.598       7.1     -6.33      7.73        0.04
  15239.74      6.42    -0.025      28.7     -5.73      7.33       -0.36
  15244.97      5.59    -0.170     103.5     -5.17      7.58       -0.11
  15335.38      5.41    -0.003     138.3     -5.04      7.52       -0.17
  15375.34      5.92    -1.123      18.6     -5.92      7.80        0.11
  15395.72      5.62    -0.414      75.7     -5.31      7.61       -0.08
  15427.62      6.45    -1.176       3.9     -6.60      7.57       -0.12
  15451.30      6.45    -0.625      18.1     -5.93      7.71        0.03
  15451.94      6.29    -1.205      13.8     -6.05      8.04        0.35
  15476.50      6.32    -1.311       7.9     -6.29      7.91        0.23
  15485.46      6.28    -0.906      14.4     -6.03      7.75        0.06
  15490.34      2.20    -4.855       5.4     -6.46      7.80        0.12
  15490.88      6.29    -0.637      17.6     -5.94      7.58       -0.10
  15496.70      6.29    -0.402      32.7     -5.68      7.65       -0.04
  15500.80      6.32    -0.253      48.0     -5.51      7.73        0.04
  15501.32      6.29    -0.070      65.9     -5.37      7.71        0.02
  15514.28      6.29    -0.742      19.3     -5.91      7.73        0.04
  15522.61      6.32    -0.877       6.1     -6.41      7.36       -0.33
  15524.31      5.79    -1.445       7.7     -6.30      7.60       -0.09
  15527.21      6.32    -0.977       8.0     -6.29      7.58       -0.10
  15531.75      5.64    -0.566      56.7     -5.44      7.58       -0.10
  15534.25      5.64    -0.344      68.9     -5.35      7.48       -0.20
  15542.08      5.64    -0.537      51.6     -5.48      7.50       -0.19
  15550.44      6.32    -0.473      30.4     -5.71      7.71        0.02
  15551.43      6.35    -0.414      32.7     -5.68      7.71        0.02
  15560.79      6.35    -0.566      34.1     -5.66      7.88        0.20
  15565.23      6.32    -0.959       8.3     -6.27      7.58       -0.11
  15566.73      6.35    -0.543      22.0     -5.85      7.64       -0.05
  15571.12      5.88    -1.621       4.1     -6.58      7.56       -0.12
  15579.08      6.32    -1.088       7.0     -6.35      7.63       -0.06
  15588.26      6.37     0.128      68.2     -5.36      7.59       -0.10
  15590.05      6.24    -0.613      40.3     -5.59      7.93        0.24
  15591.49      6.24     0.504     152.8     -5.01      7.73        0.04
  15593.74      5.03    -1.809      17.7     -5.94      7.71        0.03
  15598.87      6.24    -0.883      19.3     -5.91      7.83        0.14
  15611.15      3.42    -2.980      33.4     -5.67      7.83        0.14
  15631.95      5.35    -0.170     135.3     -5.06      7.59       -0.10
  15648.51      5.43    -0.730      63.0     -5.40      7.63       -0.05
  15652.87      6.25    -0.170      49.0     -5.50      7.59       -0.09
  15662.02      5.83     0.097     111.1     -5.15      7.53       -0.15
  15670.13      6.21    -1.070      17.2     -5.96      7.93        0.24
  15671.87      5.92    -1.340       5.5     -6.45      7.44       -0.24
  15682.52      6.37    -0.520      35.3     -5.65      7.86        0.18
  15691.85      6.25     0.136     152.4     -5.01      8.09        0.41
  15816.63      5.96    -0.766     105.7     -5.18      8.45        0.76
  15819.13      6.30    -0.178     164.9     -4.98      8.51        0.82
  15821.71      5.64    -0.941      61.6     -5.41      7.99        0.31
  15835.17      6.30     0.376     128.0     -5.09      7.72        0.03
  15845.22      5.98    -1.223       9.5     -6.22      7.61       -0.07
  15863.71      6.26    -0.058      61.1     -5.41      7.61       -0.08
  15864.65      6.36    -0.965      20.1     -5.90      8.01        0.33
  15878.44      5.62    -0.648      65.5     -5.38      7.72        0.03
  15891.16      6.31    -0.555      17.1     -5.97      7.48       -0.20
  15901.52      5.92    -0.566      37.4     -5.63      7.57       -0.12
  15906.04      5.62    -0.201     100.3     -5.20      7.56       -0.12
  15911.31      5.87    -0.178      79.9     -5.30      7.58       -0.10
  15928.16      5.95    -0.859      18.6     -5.93      7.53       -0.15
  15929.48      6.31    -0.613      18.7     -5.93      7.58       -0.10
  15934.02      6.31    -0.438      29.4     -5.73      7.63       -0.06
  15940.92      5.81    -1.234       6.2     -6.41      7.29       -0.40
  15941.85      6.36    -0.127      61.0     -5.42      7.75        0.06
  15964.87      5.92    -0.178      78.8     -5.31      7.61       -0.08
  15980.73      6.26     0.520     168.9     -4.98      7.80        0.11
  16037.82      6.26    -0.120      56.1     -5.46      7.61       -0.07
  16040.66      5.87     0.054     115.1     -5.14      7.61       -0.07
  16071.40      6.27    -0.120      75.5     -5.33      7.80        0.11
  16072.24      6.35    -0.508      29.2     -5.74      7.72        0.04
  16100.28      6.35    -0.148      39.6     -5.61      7.52       -0.17
  16156.56      5.96    -0.590      35.1     -5.66      7.58       -0.11
  16165.03      6.32     0.459     158.7     -5.01      7.83        0.14
  16171.93      6.38    -0.467      31.1     -5.72      7.73        0.05
  16174.98      6.38     0.026      68.0     -5.38      7.67       -0.02
  16177.99      6.38    -0.648      31.5     -5.71      7.92        0.24
  16195.06      6.39     0.258      68.7     -5.37      7.45       -0.24
  16198.50      5.41    -0.684      89.6     -5.26      7.77        0.09
  16203.33      6.32    -1.029      21.8     -5.87      8.07        0.39
  16204.25      6.32     0.072      79.8     -5.31      7.68       -0.01
  16207.75      6.32     0.247     105.1     -5.19      7.69        0.01
  16213.00      6.32    -0.613      15.0     -6.03      7.48       -0.21
  16213.54      6.28    -0.003      79.1     -5.31      7.71        0.03
  16225.62      6.38    -0.041      55.6     -5.47      7.62       -0.07
  16227.15      6.24    -1.018       8.3     -6.29      7.55       -0.14
  16231.65      6.38     0.314      98.7     -5.22      7.62       -0.06
  16235.97      5.92    -0.391      56.5     -5.46      7.61       -0.08
  16240.87      6.32    -1.152      17.1     -5.98      8.08        0.39
  16245.76      6.32    -0.906      14.6     -6.05      7.76        0.07
  16246.46      6.28    -0.291      44.9     -5.56      7.67       -0.02
  16252.55      6.32    -0.543      28.8     -5.75      7.72        0.04
  16272.47      6.28    -0.859      16.9     -5.98      7.75        0.06
  16284.77      6.40     0.045      79.8     -5.31      7.76        0.08
  16292.84      5.92    -0.578      40.5     -5.60      7.61       -0.08
  16331.53      5.98    -0.613      35.4     -5.66      7.62       -0.07
  16333.14      5.64    -1.504      16.8     -5.99      7.86        0.18
  16345.50      6.47    -0.742      15.9     -6.01      7.75        0.07
  16366.34      6.36    -0.555      37.0     -5.65      7.89        0.21
  16377.39      6.37    -0.484      23.9     -5.84      7.61       -0.08
  16384.14      6.36    -0.385      23.6     -5.84      7.50       -0.19
  16394.39      5.96     0.026      93.9     -5.24      7.54       -0.14
  16404.62      6.36     0.128      88.9     -5.27      7.72        0.03
  16412.97      6.29    -0.438      20.1     -5.91      7.42       -0.27
  16436.62      5.92    -0.508      63.4     -5.41      7.79        0.10
  16440.40      6.29    -0.367      57.4     -5.46      7.89        0.20
  16444.82      5.83     0.223     163.4     -5.00      7.73        0.04
  16466.92      6.39     0.007      64.7     -5.41      7.66       -0.02
  16474.08      6.02    -0.566      34.8     -5.68      7.60       -0.09
  16521.51      6.29    -0.672      17.5     -5.98      7.58       -0.10
  16522.08      6.29    -0.193      64.8     -5.41      7.79        0.10
  16524.47      6.34     0.314     119.1     -5.14      7.73        0.05
  16539.20      6.34    -0.332      39.7     -5.62      7.69        0.00
  16541.97      6.34    -0.590      43.6     -5.58      8.00        0.31
  16544.67      6.34    -0.301      37.5     -5.64      7.63       -0.06
  16552.00      6.41    -0.082      52.6     -5.50      7.65       -0.04
  16586.05      5.62    -1.516      12.7     -6.12      7.73        0.04
  16645.88      5.96    -0.272      60.3     -5.44      7.56       -0.13
  16720.73      6.38    -0.578      15.3     -6.04      7.50       -0.18
  16721.47      6.38    -0.479      21.1     -5.90      7.55       -0.13
  16724.69      6.38    -0.859      14.2     -6.07      7.75        0.06
  16753.07      6.38     0.036      61.8     -5.43      7.60       -0.09
  16792.23      6.35    -1.152      11.2     -6.18      7.91        0.22
  16794.21      6.57    -0.578      14.5     -6.06      7.63       -0.06
  16799.65      5.87    -0.672      32.3     -5.72      7.54       -0.14
  16833.06      5.96    -1.223      16.8     -6.00      7.85        0.16
  16843.23      5.87    -1.410      15.5     -6.04      7.92        0.24
  16865.52      6.41    -1.281       9.7     -6.24      8.02        0.33
  16895.20      6.35    -1.023      20.4     -5.92      8.06        0.37
  17009.02      6.62    -0.367      32.2     -5.72      7.84        0.16
  17037.79      6.39    -0.520      32.5     -5.72      7.82        0.13
  17204.30      6.02    -0.170      70.3     -5.39      7.60       -0.09
  17282.29      6.43    -0.193      79.2     -5.34      8.02        0.34
  17293.12      6.32    -0.789      20.5     -5.93      7.81        0.12
  17293.65      6.32    -0.684      20.9     -5.92      7.71        0.02
  17433.64      6.41    -0.484      25.5     -5.83      7.68       -0.01
  17453.84      6.41    -0.684      20.9     -5.92      7.78        0.10
  17683.92      6.34    -0.058      67.4     -5.42      7.72        0.03
  17728.10      6.58     0.063      64.2     -5.44      7.76        0.07
  20363.27      6.07    -0.625      12.5     -6.21      7.22       -0.47
  21816.57      6.78    -0.543      12.9     -6.23      7.75        0.07
  21832.98      6.78    -0.355      20.5     -6.03      7.78        0.09
  21851.38      3.64    -3.590       5.3     -6.62      7.73        0.04
  22257.11      5.06    -0.871     117.4     -5.28      7.86        0.18
  22380.80      5.03    -0.684     110.2     -5.31      7.60       -0.08
  22392.88      5.10    -1.352      36.8     -5.78      7.66       -0.03
  22419.98      6.22    -0.301      41.0     -5.74      7.61       -0.07
  22619.84      4.99    -0.479      13.8     -6.21      6.21       -1.47
  24374.36      6.24     0.017      25.5     -5.98      7.06       -0.62
average abundance =  7.69     std. deviation =  0.25     #lines = 202
E.P. correlation:  slope =  -0.018  intercept =   7.790  corr. coeff. =  -0.070
R.W. correlation:  slope =   0.153  intercept =   8.565  corr. coeff. =   0.247
wav. correl.:  slope =  -7.450D-06  intercept =   7.800  corr. coeff. =  -0.078

Abundance Results for Species Fe II        (input abundance =   7.64)
wavelength        EP     logGF        EW     logRW     abund     del avg
  10427.31      6.08    -1.662      10.1     -6.01      6.85       -0.36
  10501.50      5.55    -1.926      23.1     -5.66      7.09       -0.12
  10862.64      5.59    -2.043      16.9     -5.81      7.06       -0.15
  11125.58      5.62    -2.301      14.7     -5.88      7.25        0.05
  13251.14      9.41     0.860      55.1     -5.38      7.79        0.58
average abundance =  7.21     std. deviation =  0.35     #lines =   5
E.P. correlation:  slope =   0.183  intercept =   6.026  corr. coeff. =   0.865
R.W. correlation:  slope =   1.277  intercept =  14.546  corr. coeff. =   0.875
wav. correl.:  slope =   2.939D-04  intercept =   3.906  corr. coeff. =   0.968
