ALL abundances NOT listed below differ from solar by  -0.18 dex
#  linelist/HD20010.moog: updated with new NIR                                  
Teff= 6162   log g= 4.08                              vt= 1.59 M/H=-0.18        

Abundance Results for Species Fe I         (input abundance =   7.290)
wavelength         ID      EP   logGF     EWin   logRWin     abund   delavg
 10080.420   26.00000   5.100  -1.964     3.50    -6.459     7.394    0.107
 10081.390   26.00000   2.420  -4.512     2.60    -6.589     7.352    0.064
 10137.100   26.00000   5.090  -1.736     3.00    -6.529     7.084   -0.203
 10142.840   26.00000   5.060  -1.554     5.50    -6.266     7.149   -0.138
 10156.510   26.00000   4.590  -2.109     4.60    -6.344     7.197   -0.091
 10195.110   26.00000   2.730  -3.608    10.70    -5.979     7.377    0.090
 10265.220   26.00000   2.220  -4.648     3.00    -6.534     7.353    0.065
 10332.330   26.00000   3.630  -3.131     1.80    -6.759     6.911   -0.376
 10347.970   26.00000   5.390  -0.717    19.50    -5.725     7.210   -0.078
 10353.810   26.00000   5.390  -0.989    12.10    -5.932     7.238   -0.049
 10364.060   26.00000   5.450  -1.100     9.00    -6.061     7.260   -0.028
 10379.000   26.00000   2.220  -4.236     6.20    -6.224     7.262   -0.026
 10388.750   26.00000   5.450  -1.471     4.10    -6.404     7.265   -0.022
 10423.030   26.00000   2.690  -3.658     8.40    -6.094     7.260   -0.028
 10555.650   26.00000   5.450  -1.282     7.10    -6.172     7.316    0.029
 10577.140   26.00000   3.300  -3.222     6.00    -6.246     7.222   -0.065
 10616.720   26.00000   3.270  -3.306     6.50    -6.213     7.313    0.025
 10725.190   26.00000   3.640  -2.948     6.80    -6.198     7.309    0.021
 10780.690   26.00000   3.240  -3.553     3.90    -6.442     7.287   -0.001
 10818.280   26.00000   3.960  -2.160    20.30    -5.727     7.344    0.056
 11778.420   26.00000   5.340  -1.708     6.30    -6.272     7.494    0.207
 12053.080   26.00000   4.560  -1.602    33.50    -5.556     7.511    0.223
 12213.340   26.00000   4.640  -2.006    16.50    -5.869     7.588    0.300
 12340.480   26.00000   2.280  -4.680     2.00    -6.790     7.112   -0.175
 12342.920   26.00000   4.640  -1.545    19.40    -5.804     7.198   -0.090
 12557.000   26.00000   2.280  -4.026    14.60    -5.935     7.350    0.063
 12808.240   26.00000   4.990  -1.811     9.80    -6.116     7.403    0.115
 12824.860   26.00000   3.020  -3.612     6.60    -6.289     7.227   -0.060
 12840.570   26.00000   4.960  -1.612    10.90    -6.071     7.224   -0.064
 12896.120   26.00000   4.910  -1.713    12.40    -6.017     7.337    0.049
 12933.010   26.00000   5.020  -1.879     6.60    -6.292     7.303    0.015
 12934.670   26.00000   5.390  -1.103    20.80    -5.794     7.409    0.122
 13014.840   26.00000   5.450  -1.542    10.40    -6.097     7.553    0.265
 13352.170   26.00000   5.310  -0.355    74.80    -5.252     7.357    0.069
 15207.530   26.00000   5.380   0.311   137.10    -5.045     7.058   -0.229
 15335.380   26.00000   5.410   0.252   136.70    -5.050     7.120   -0.167
 15490.340   26.00000   2.200  -4.787     4.70    -6.518     7.269   -0.019
 15593.740   26.00000   5.030  -1.796    14.60    -6.029     7.352    0.064
 15611.150   26.00000   3.420  -2.966    31.40    -5.697     7.463    0.175
 15631.950   26.00000   5.350   0.171   132.60    -5.071     7.084   -0.204
 15648.510   26.00000   5.430  -0.633    57.20    -5.437     7.267   -0.021
 16198.500   26.00000   5.410  -0.376    84.70    -5.282     7.228   -0.060
 21851.380   26.00000   3.640  -3.578     5.00    -6.641     7.349    0.062
 22257.110   26.00000   5.060  -0.704   109.30    -5.309     7.457    0.169
 22380.800   26.00000   5.030  -0.377   107.80    -5.317     7.092   -0.196
 22392.880   26.00000   5.100  -1.330    32.90    -5.833     7.326    0.038
average abundance =  7.288     std. deviation =  0.136     #lines =  46
E.P. correlation:  slope =  -0.000  intercept =   7.288  corr. coeff. =  -0.000
R.W. correlation:  slope =   0.000  intercept =   7.290  corr. coeff. =   0.001
wav. correl.:  slope =   1.452D-06  intercept =   7.269  corr. coeff. =   0.037

Abundance Results for Species Fe II        (input abundance =   7.290)
wavelength         ID      EP   logGF     EWin   logRWin     abund   delavg
 10427.310   26.10000   6.080  -1.575     8.10    -6.110     6.835   -0.455
 10501.500   26.10000   5.550  -1.861    16.80    -5.796     7.023   -0.267
 10862.640   26.10000   5.590  -2.006    15.80    -5.837     7.141   -0.149
 11125.580   26.10000   5.620  -2.213    14.10    -5.897     7.293    0.002
 13251.140   26.10000   9.410   0.768    50.30    -5.421     8.159    0.869
average abundance =  7.290     std. deviation =  0.514     #lines =   5
E.P. correlation:  slope =   0.279  intercept =   5.491  corr. coeff. =   0.906
R.W. correlation:  slope =   1.900  intercept =  18.333  corr. coeff. =   0.925
wav. correl.:  slope =   4.384D-04  intercept =   2.365  corr. coeff. =   0.992
